
SQL*Loader: Release 21.0.0.0.0 - Production on Fri Jan 31 16:17:51 2025
Version 21.3.0.0.0

Copyright (c) 1982, 2021, Oracle and/or its affiliates.  All rights reserved.

Control File:   Oracle_schedule_new_Import.ctl
Data File:      schedule_new.csv
  Bad File:     schedule_new.bad
  Discard File:  none specified
 
 (Allow all discards)

Number to load: ALL
Number to skip: 0
Errors allowed: 50
Bind array:     250 rows, maximum of 1048576 bytes
Continuation:    none specified
Path used:      Conventional

Table SCHEDULES, loaded from every logical record.
Insert option in effect for this table: INSERT

   Column Name                  Position   Len  Term Encl Datatype
------------------------------ ---------- ----- ---- ---- ---------------------
FROM_AIRPORT_IATA                   FIRST     *   ,       CHARACTER            
TO_AIRPORT_IATA                      NEXT     *   ,       CHARACTER            
DAYS_OF_WEEK                         NEXT     *   ,       CHARACTER            
DEPARTURE_TIME_OLD                   NEXT     *   ,       CHARACTER            
ARRIVAL_TIME_OLD                     NEXT     *   ,       CHARACTER            
FLIGHT                               NEXT     *   ,       CHARACTER            
AIRCRAFT_IATA                        NEXT     *   ,       CHARACTER            
FLIGHT_DURATION_OLD                  NEXT     *   ,       CHARACTER            
AIRLINE_IATA                         NEXT     *   ,       CHARACTER            

Record 1: Rejected - Error on table SCHEDULES, column FROM_AIRPORT_IATA.
ORA-12899: value too large for column "MZ"."SCHEDULES"."FROM_AIRPORT_IATA" (actual: 9, maximum: 3)


Table SCHEDULES:
  11190 Rows successfully loaded.
  1 Row not loaded due to data errors.
  0 Rows not loaded because all WHEN clauses were failed.
  0 Rows not loaded because all fields were null.


Space allocated for bind array:                 580500 bytes(250 rows)
Read   buffer bytes: 1048576

Total logical records skipped:          0
Total logical records read:         11191
Total logical records rejected:         1
Total logical records discarded:        0

Run began on Fri Jan 31 16:17:51 2025
Run ended on Fri Jan 31 16:17:53 2025

Elapsed time was:     00:00:01.86
CPU time was:         00:00:00.06
