;;; 
Export: Release 21.0.0.0.0 - Production on Sun Feb 9 10:48:41 2025
Version 21.3.0.0.0

Copyright (c) 1982, 2021, Oracle and/or its affiliates.  All rights reserved.
;;; 
Connected to: Oracle Database 21c Express Edition Release 21.0.0.0.0 - Production
Starting "MZ"."SYS_EXPORT_SCHEMA_01":  mz/********@localhost:1521/XEPDB1 DIRECTORY=EXPORT_DIR DUMPFILE=export_luggage.dmp SCHEMAS=mz LOGFILE=export_luggage.log 
Processing object type SCHEMA_EXPORT/TABLE/TABLE_DATA
Processing object type SCHEMA_EXPORT/TABLE/INDEX/STATISTICS/INDEX_STATISTICS
Processing object type SCHEMA_EXPORT/TABLE/STATISTICS/TABLE_STATISTICS
Processing object type SCHEMA_EXPORT/STATISTICS/MARKER
Processing object type SCHEMA_EXPORT/PRE_SCHEMA/PROCACT_SCHEMA
Processing object type SCHEMA_EXPORT/TABLE/TABLE
Processing object type SCHEMA_EXPORT/TABLE/COMMENT
Processing object type SCHEMA_EXPORT/TABLE/IDENTITY_COLUMN
Processing object type SCHEMA_EXPORT/PROCEDURE/PROCEDURE
Processing object type SCHEMA_EXPORT/PROCEDURE/ALTER_PROCEDURE
Processing object type SCHEMA_EXPORT/TABLE/INDEX/INDEX
Processing object type SCHEMA_EXPORT/TABLE/CONSTRAINT/CONSTRAINT
Processing object type SCHEMA_EXPORT/TABLE/TRIGGER
. . exported "MZ"."SCHEDULES"                            814.3 KB   11190 rows
. . exported "MZ"."LUGGAGE"                              573.6 KB   11923 rows
. . exported "MZ"."LUGGAGE_TMP"                          651.2 KB   11923 rows
. . exported "MZ"."AIRPORTS"                             150.9 KB    4246 rows
. . exported "MZ"."AIRLINES"                             37.44 KB     913 rows
. . exported "MZ"."DISTANCES"                            39.51 KB    1918 rows
. . exported "MZ"."AIRCRAFTS"                            14.34 KB     218 rows
. . exported "MZ"."ARRIVING_FLIGHTS"                     34.92 KB    1068 rows
. . exported "MZ"."ARRIVING_FLIGHTS_TMP"                 12.24 KB     178 rows
. . exported "MZ"."DEPARTING_FLIGHTS"                    32.85 KB     990 rows
. . exported "MZ"."DEPARTING_FLIGHTS_TMP"                11.91 KB     165 rows
. . exported "MZ"."COUNTRIES"                            9.375 KB     232 rows
. . exported "MZ"."DB_TRIGGER_LOG"                       7.710 KB      18 rows
. . exported "MZ"."AIRPORT_SIMULATION_DATA"              7.234 KB       1 rows
. . exported "MZ"."LUGGAGE_LOCATION"                     6.210 KB       9 rows
Master table "MZ"."SYS_EXPORT_SCHEMA_01" successfully loaded/unloaded
******************************************************************************
Dump file set for MZ.SYS_EXPORT_SCHEMA_01 is:
  C:\EXPORT\EXPORT_LUGGAGE.DMP
Job "MZ"."SYS_EXPORT_SCHEMA_01" successfully completed at Sun Feb 9 10:49:09 2025 elapsed 0 00:00:27
